Gramática

    0 $accept: prog $end

    1 prog: expressions EOF

    2 expressions: s
    3            | expressions ';' s

    4 s: /* vacío */
    5  | e

    6 e: ID '=' e
    7  | PI '=' e
    8  | E '=' e
    9  | e '+' e
   10  | e '-' e
   11  | e '*' e
   12  | e '/' e
   13  | e '^' e
   14  | e '!'
   15  | e '%'
   16  | '-' e
   17  | '(' e ')'
   18  | NUMBER
   19  | E
   20  | PI
   21  | ID


Terminales con las reglas donde aparecen

$end (0) 0
'!' (33) 14
'%' (37) 15
'(' (40) 17
')' (41) 17
'*' (42) 11
'+' (43) 9
'-' (45) 10 16
'/' (47) 12
';' (59) 3
'=' (61) 6 7 8
'^' (94) 13
error (256)
NUMBER (258) 18
ID (259) 6 21
E (260) 8 19
PI (261) 7 20
EOF (262) 1
UMINUS (263)


No terminales con las reglas donde aparecen

$accept (20)
    en la izquierda: 0
prog (21)
    en la izquierda: 1, en la derecha: 0
expressions (22)
    en la izquierda: 2 3, en la derecha: 1 3
s (23)
    en la izquierda: 4 5, en la derecha: 2 3
e (24)
    en la izquierda: 6 7 8 9 10 11 12 13 14 15 16 17 18 19 20 21, en la derecha:
    5 6 7 8 9 10 11 12 13 14 15 16 17


estado 0

    0 $accept: . prog $end

    NUMBER  desplazar e ir al estado 1
    ID      desplazar e ir al estado 2
    E       desplazar e ir al estado 3
    PI      desplazar e ir al estado 4
    '-'     desplazar e ir al estado 5
    '('     desplazar e ir al estado 6

    $default  reduce usando la regla 4 (s)

    prog         ir al estado 7
    expressions  ir al estado 8
    s            ir al estado 9
    e            ir al estado 10


estado 1

   18 e: NUMBER .

    $default  reduce usando la regla 18 (e)


estado 2

    6 e: ID . '=' e
   21  | ID .

    '='  desplazar e ir al estado 11

    $default  reduce usando la regla 21 (e)


estado 3

    8 e: E . '=' e
   19  | E .

    '='  desplazar e ir al estado 12

    $default  reduce usando la regla 19 (e)


estado 4

    7 e: PI . '=' e
   20  | PI .

    '='  desplazar e ir al estado 13

    $default  reduce usando la regla 20 (e)


estado 5

   16 e: '-' . e

    NUMBER  desplazar e ir al estado 1
    ID      desplazar e ir al estado 2
    E       desplazar e ir al estado 3
    PI      desplazar e ir al estado 4
    '-'     desplazar e ir al estado 5
    '('     desplazar e ir al estado 6

    e  ir al estado 14


estado 6

   17 e: '(' . e ')'

    NUMBER  desplazar e ir al estado 1
    ID      desplazar e ir al estado 2
    E       desplazar e ir al estado 3
    PI      desplazar e ir al estado 4
    '-'     desplazar e ir al estado 5
    '('     desplazar e ir al estado 6

    e  ir al estado 15


estado 7

    0 $accept: prog . $end

    $end  desplazar e ir al estado 16


estado 8

    1 prog: expressions . EOF
    3 expressions: expressions . ';' s

    EOF  desplazar e ir al estado 17
    ';'  desplazar e ir al estado 18


estado 9

    2 expressions: s .

    $default  reduce usando la regla 2 (expressions)


estado 10

    5 s: e .
    9 e: e . '+' e
   10  | e . '-' e
   11  | e . '*' e
   12  | e . '/' e
   13  | e . '^' e
   14  | e . '!'
   15  | e . '%'

    '+'  desplazar e ir al estado 19
    '-'  desplazar e ir al estado 20
    '*'  desplazar e ir al estado 21
    '/'  desplazar e ir al estado 22
    '^'  desplazar e ir al estado 23
    '%'  desplazar e ir al estado 24
    '!'  desplazar e ir al estado 25

    $default  reduce usando la regla 5 (s)


estado 11

    6 e: ID '=' . e

    NUMBER  desplazar e ir al estado 1
    ID      desplazar e ir al estado 2
    E       desplazar e ir al estado 3
    PI      desplazar e ir al estado 4
    '-'     desplazar e ir al estado 5
    '('     desplazar e ir al estado 6

    e  ir al estado 26


estado 12

    8 e: E '=' . e

    NUMBER  desplazar e ir al estado 1
    ID      desplazar e ir al estado 2
    E       desplazar e ir al estado 3
    PI      desplazar e ir al estado 4
    '-'     desplazar e ir al estado 5
    '('     desplazar e ir al estado 6

    e  ir al estado 27


estado 13

    7 e: PI '=' . e

    NUMBER  desplazar e ir al estado 1
    ID      desplazar e ir al estado 2
    E       desplazar e ir al estado 3
    PI      desplazar e ir al estado 4
    '-'     desplazar e ir al estado 5
    '('     desplazar e ir al estado 6

    e  ir al estado 28


estado 14

    9 e: e . '+' e
   10  | e . '-' e
   11  | e . '*' e
   12  | e . '/' e
   13  | e . '^' e
   14  | e . '!'
   15  | e . '%'
   16  | '-' e .

    '!'  desplazar e ir al estado 25

    $default  reduce usando la regla 16 (e)


estado 15

    9 e: e . '+' e
   10  | e . '-' e
   11  | e . '*' e
   12  | e . '/' e
   13  | e . '^' e
   14  | e . '!'
   15  | e . '%'
   17  | '(' e . ')'

    '+'  desplazar e ir al estado 19
    '-'  desplazar e ir al estado 20
    '*'  desplazar e ir al estado 21
    '/'  desplazar e ir al estado 22
    '^'  desplazar e ir al estado 23
    '%'  desplazar e ir al estado 24
    '!'  desplazar e ir al estado 25
    ')'  desplazar e ir al estado 29


estado 16

    0 $accept: prog $end .

    $default  aceptar


estado 17

    1 prog: expressions EOF .

    $default  reduce usando la regla 1 (prog)


estado 18

    3 expressions: expressions ';' . s

    NUMBER  desplazar e ir al estado 1
    ID      desplazar e ir al estado 2
    E       desplazar e ir al estado 3
    PI      desplazar e ir al estado 4
    '-'     desplazar e ir al estado 5
    '('     desplazar e ir al estado 6

    $default  reduce usando la regla 4 (s)

    s  ir al estado 30
    e  ir al estado 10


estado 19

    9 e: e '+' . e

    NUMBER  desplazar e ir al estado 1
    ID      desplazar e ir al estado 2
    E       desplazar e ir al estado 3
    PI      desplazar e ir al estado 4
    '-'     desplazar e ir al estado 5
    '('     desplazar e ir al estado 6

    e  ir al estado 31


estado 20

   10 e: e '-' . e

    NUMBER  desplazar e ir al estado 1
    ID      desplazar e ir al estado 2
    E       desplazar e ir al estado 3
    PI      desplazar e ir al estado 4
    '-'     desplazar e ir al estado 5
    '('     desplazar e ir al estado 6

    e  ir al estado 32


estado 21

   11 e: e '*' . e

    NUMBER  desplazar e ir al estado 1
    ID      desplazar e ir al estado 2
    E       desplazar e ir al estado 3
    PI      desplazar e ir al estado 4
    '-'     desplazar e ir al estado 5
    '('     desplazar e ir al estado 6

    e  ir al estado 33


estado 22

   12 e: e '/' . e

    NUMBER  desplazar e ir al estado 1
    ID      desplazar e ir al estado 2
    E       desplazar e ir al estado 3
    PI      desplazar e ir al estado 4
    '-'     desplazar e ir al estado 5
    '('     desplazar e ir al estado 6

    e  ir al estado 34


estado 23

   13 e: e '^' . e

    NUMBER  desplazar e ir al estado 1
    ID      desplazar e ir al estado 2
    E       desplazar e ir al estado 3
    PI      desplazar e ir al estado 4
    '-'     desplazar e ir al estado 5
    '('     desplazar e ir al estado 6

    e  ir al estado 35


estado 24

   15 e: e '%' .

    $default  reduce usando la regla 15 (e)


estado 25

   14 e: e '!' .

    $default  reduce usando la regla 14 (e)


estado 26

    6 e: ID '=' e .
    9  | e . '+' e
   10  | e . '-' e
   11  | e . '*' e
   12  | e . '/' e
   13  | e . '^' e
   14  | e . '!'
   15  | e . '%'

    '+'  desplazar e ir al estado 19
    '-'  desplazar e ir al estado 20
    '*'  desplazar e ir al estado 21
    '/'  desplazar e ir al estado 22
    '^'  desplazar e ir al estado 23
    '%'  desplazar e ir al estado 24
    '!'  desplazar e ir al estado 25

    $default  reduce usando la regla 6 (e)


estado 27

    8 e: E '=' e .
    9  | e . '+' e
   10  | e . '-' e
   11  | e . '*' e
   12  | e . '/' e
   13  | e . '^' e
   14  | e . '!'
   15  | e . '%'

    '+'  desplazar e ir al estado 19
    '-'  desplazar e ir al estado 20
    '*'  desplazar e ir al estado 21
    '/'  desplazar e ir al estado 22
    '^'  desplazar e ir al estado 23
    '%'  desplazar e ir al estado 24
    '!'  desplazar e ir al estado 25

    $default  reduce usando la regla 8 (e)


estado 28

    7 e: PI '=' e .
    9  | e . '+' e
   10  | e . '-' e
   11  | e . '*' e
   12  | e . '/' e
   13  | e . '^' e
   14  | e . '!'
   15  | e . '%'

    '+'  desplazar e ir al estado 19
    '-'  desplazar e ir al estado 20
    '*'  desplazar e ir al estado 21
    '/'  desplazar e ir al estado 22
    '^'  desplazar e ir al estado 23
    '%'  desplazar e ir al estado 24
    '!'  desplazar e ir al estado 25

    $default  reduce usando la regla 7 (e)


estado 29

   17 e: '(' e ')' .

    $default  reduce usando la regla 17 (e)


estado 30

    3 expressions: expressions ';' s .

    $default  reduce usando la regla 3 (expressions)


estado 31

    9 e: e . '+' e
    9  | e '+' e .
   10  | e . '-' e
   11  | e . '*' e
   12  | e . '/' e
   13  | e . '^' e
   14  | e . '!'
   15  | e . '%'

    '*'  desplazar e ir al estado 21
    '/'  desplazar e ir al estado 22
    '^'  desplazar e ir al estado 23
    '%'  desplazar e ir al estado 24
    '!'  desplazar e ir al estado 25

    $default  reduce usando la regla 9 (e)


estado 32

    9 e: e . '+' e
   10  | e . '-' e
   10  | e '-' e .
   11  | e . '*' e
   12  | e . '/' e
   13  | e . '^' e
   14  | e . '!'
   15  | e . '%'

    '*'  desplazar e ir al estado 21
    '/'  desplazar e ir al estado 22
    '^'  desplazar e ir al estado 23
    '%'  desplazar e ir al estado 24
    '!'  desplazar e ir al estado 25

    $default  reduce usando la regla 10 (e)


estado 33

    9 e: e . '+' e
   10  | e . '-' e
   11  | e . '*' e
   11  | e '*' e .
   12  | e . '/' e
   13  | e . '^' e
   14  | e . '!'
   15  | e . '%'

    '^'  desplazar e ir al estado 23
    '%'  desplazar e ir al estado 24
    '!'  desplazar e ir al estado 25

    $default  reduce usando la regla 11 (e)


estado 34

    9 e: e . '+' e
   10  | e . '-' e
   11  | e . '*' e
   12  | e . '/' e
   12  | e '/' e .
   13  | e . '^' e
   14  | e . '!'
   15  | e . '%'

    '^'  desplazar e ir al estado 23
    '%'  desplazar e ir al estado 24
    '!'  desplazar e ir al estado 25

    $default  reduce usando la regla 12 (e)


estado 35

    9 e: e . '+' e
   10  | e . '-' e
   11  | e . '*' e
   12  | e . '/' e
   13  | e . '^' e
   13  | e '^' e .
   14  | e . '!'
   15  | e . '%'

    '%'  desplazar e ir al estado 24
    '!'  desplazar e ir al estado 25

    $default  reduce usando la regla 13 (e)
